<?xml version="1.0" encoding="UTF-8"?>
<!-- Generated by org.testng.reporters.JUnitReportReporter -->
<testsuite hostname="ZMO-MC-SusmitaD-01s-Mac-mini.local" failures="0" tests="2" name="SushmitaD.Mavenjava.SeleniumTest" time="0.022" errors="0" timestamp="2021-12-06T11:27:25 IST" skipped="0">
  <testcase classname="SushmitaD.Mavenjava.SeleniumTest" name="elementsUi" time="0.001"/>
  <system-out/>
  <testcase classname="SushmitaD.Mavenjava.SeleniumTest" name="BrowserAutomation" time="0.021"/>
  <system-out/>
</testsuite> <!-- SushmitaD.Mavenjava.SeleniumTest -->
