<?xml version="1.0" encoding="UTF-8"?>
<!-- Generated by org.testng.reporters.JUnitReportReporter -->
<testsuite hostname="ZMO-MC-SusmitaD-01s-Mac-mini.local" failures="0" tests="2" name="SushmitaD.Mavenjava.AppiumTest" time="0.006" errors="0" timestamp="07 Dec 2021 06:10:24 GMT" skipped="0">
  <testcase classname="SushmitaD.Mavenjava.AppiumTest" name="NativeAppAndroid" time="0.000"/>
  <testcase classname="SushmitaD.Mavenjava.AppiumTest" name="IOSApps" time="0.006"/>
</testsuite> <!-- SushmitaD.Mavenjava.AppiumTest -->
